<?xml version="1.0" encoding="UTF-8"?>
<testng-results skipped="0" failed="0" total="1" passed="1">
  <reporter-output>
  </reporter-output>
  <suite name="Default suite" duration-ms="26938" started-at="2014-09-09T08:11:39Z" finished-at="2014-09-09T08:12:06Z">
    <groups>
    </groups>
    <test name="Default test" duration-ms="26938" started-at="2014-09-09T08:11:39Z" finished-at="2014-09-09T08:12:06Z">
      <class name="testcase.TestGoogling">
        <test-method status="PASS" signature="setUp()[pri:0, instance:testcase.TestGoogling@1856a0a]" name="setUp" is-config="true" duration-ms="26420" started-at="2014-09-09T15:11:39Z" finished-at="2014-09-09T15:12:05Z">
          <reporter-output>
          </reporter-output>
        </test-method> <!-- setUp -->
        <test-method status="PASS" signature="testGoogle()[pri:0, instance:testcase.TestGoogling@1856a0a]" name="testGoogle" duration-ms="435" started-at="2014-09-09T15:12:05Z" finished-at="2014-09-09T15:12:06Z">
          <reporter-output>
          </reporter-output>
        </test-method> <!-- testGoogle -->
        <test-method status="PASS" signature="tearDown()[pri:0, instance:testcase.TestGoogling@1856a0a]" name="tearDown" is-config="true" duration-ms="70" started-at="2014-09-09T15:12:06Z" finished-at="2014-09-09T15:12:06Z">
          <reporter-output>
          </reporter-output>
        </test-method> <!-- tearDown -->
      </class> <!-- testcase.TestGoogling -->
    </test> <!-- Default test -->
  </suite> <!-- Default suite -->
</testng-results>
